# JRE version: OpenJDK Runtime Environment (8.0) (build 1.8.0-adoptopenjdk-_2018_05_19_00_59-b00)
# Java VM: OpenJDK 64-Bit Server VM (25.71-b00 mixed mode windows-amd64 compressed oops)
Heap:
 PSYoungGen      total 38400K, used 25417K [0x00000000d5800000, 0x00000000d8280000, 0x0000000100000000)
  eden space 33280K, 76% used [0x00000000d5800000,0x00000000d70d27a0,0x00000000d7880000)
  from space 5120K, 0% used [0x00000000d7880000,0x00000000d7880000,0x00000000d7d80000)
  to   space 5120K, 0% used [0x00000000d7d80000,0x00000000d7d80000,0x00000000d8280000)
 ParOldGen       total 60928K, used 4628K [0x0000000080800000, 0x0000000084380000, 0x00000000d5800000)
  object space 60928K, 7% used [0x0000000080800000,0x0000000080c85010,0x0000000084380000)
 Metaspace       used 17154K, capacity 17560K, committed 17792K, reserved 1067008K
  class space    used 1977K, capacity 2100K, committed 2176K, reserved 1048576K
GC Heap History (4 events):
Event: 1.680 GC heap before
{Heap before GC invocations=1 (full 0):
 PSYoungGen      total 38400K, used 24210K [0x00000000d5800000, 0x00000000d8280000, 0x0000000100000000)
  eden space 33280K, 72% used [0x00000000d5800000,0x00000000d6fa4b88,0x00000000d7880000)
  from space 5120K, 0% used [0x00000000d7d80000,0x00000000d7d80000,0x00000000d8280000)
  to   space 5120K, 0% used [0x00000000d7880000,0x00000000d7880000,0x00000000d7d80000)
 ParOldGen       total 87552K, used 0K [0x0000000080800000, 0x0000000085d80000, 0x00000000d5800000)
  object space 87552K, 0% used [0x0000000080800000,0x0000000080800000,0x0000000085d80000)
 Metaspace       used 9986K, capacity 10184K, committed 10240K, reserved 1062912K
  class space    used 1160K, capacity 1254K, committed 1280K, reserved 1048576K
Event: 1.686 GC heap after
Heap after GC invocations=1 (full 0):
 PSYoungGen      total 38400K, used 4815K [0x00000000d5800000, 0x00000000d8280000, 0x0000000100000000)
  eden space 33280K, 0% used [0x00000000d5800000,0x00000000d5800000,0x00000000d7880000)
  from space 5120K, 94% used [0x00000000d7880000,0x00000000d7d33d08,0x00000000d7d80000)
  to   space 5120K, 0% used [0x00000000d7d80000,0x00000000d7d80000,0x00000000d8280000)
 ParOldGen       total 87552K, used 16K [0x0000000080800000, 0x0000000085d80000, 0x00000000d5800000)
  object space 87552K, 0% used [0x0000000080800000,0x0000000080804000,0x0000000085d80000)
 Metaspace       used 9986K, capacity 10184K, committed 10240K, reserved 1062912K
  class space    used 1160K, capacity 1254K, committed 1280K, reserved 1048576K
}
Event: 1.686 GC heap before
{Heap before GC invocations=2 (full 1):
 PSYoungGen      total 38400K, used 4815K [0x00000000d5800000, 0x00000000d8280000, 0x0000000100000000)
  eden space 33280K, 0% used [0x00000000d5800000,0x00000000d5800000,0x00000000d7880000)
  from space 5120K, 94% used [0x00000000d7880000,0x00000000d7d33d08,0x00000000d7d80000)
  to   space 5120K, 0% used [0x00000000d7d80000,0x00000000d7d80000,0x00000000d8280000)
 ParOldGen       total 87552K, used 16K [0x0000000080800000, 0x0000000085d80000, 0x00000000d5800000)
  object space 87552K, 0% used [0x0000000080800000,0x0000000080804000,0x0000000085d80000)
 Metaspace       used 9986K, capacity 10184K, committed 10240K, reserved 1062912K
  class space    used 1160K, capacity 1254K, committed 1280K, reserved 1048576K
Event: 1.699 GC heap after
Heap after GC invocations=2 (full 1):
 PSYoungGen      total 38400K, used 0K [0x00000000d5800000, 0x00000000d8280000, 0x0000000100000000)
  eden space 33280K, 0% used [0x00000000d5800000,0x00000000d5800000,0x00000000d7880000)
  from space 5120K, 0% used [0x00000000d7880000,0x00000000d7880000,0x00000000d7d80000)
  to   space 5120K, 0% used [0x00000000d7d80000,0x00000000d7d80000,0x00000000d8280000)
 ParOldGen       total 60928K, used 4628K [0x0000000080800000, 0x0000000084380000, 0x00000000d5800000)
  object space 60928K, 7% used [0x0000000080800000,0x0000000080c85010,0x0000000084380000)
 Metaspace       used 9986K, capacity 10184K, committed 10240K, reserved 1060864K
  class space    used 1160K, capacity 1254K, committed 1280K, reserved 1048576K
}

